        -:    0:Source:passing_sensor2_cov.c
        -:    0:Graph:MinGW/passing_sensor2_cov.gcno
        -:    0:Data:MinGW/passing_sensor2_cov.gcda
        -:    0:Runs:1
        -:    0:Programs:1
        -:    1:/*2023-10-03T11:13:57-01:00*/
        -:    2:
        -:    3:/********************************************************************
        -:    4: * passing_sensor2_cov.c
        -:    5: * 
        -:    6: * generated by: plcgen 3.1.391
        -:    7: ********************************************************************/
        -:    8:
        -:    9:#include "cb_comp.h"
        -:   10:#include "cb_covs.h"
        -:   11:#include "iec_1131.h"
        -:   12:
        -:   13:#include "passing_sensor2.h"
        -:   14:
        -:   15:
        -:   16:
        -:   17:/**************************** Variables *****************************/
        -:   18:
        -:   19:CB_Index passing_sensor2__num = 0;
        -:   20:CB_Mem_Bool *passing_sensor2_sensorSupply;
        -:   21:CB_Mem_Float *passing_sensor2_deltaTranslation;
        -:   22:CB_Mem_Bool *passing_sensor2_passing;
        -:   23:CB_Mem_Int *passing_sensor2_status_act_prod;
        -:   24:CB_Mem_Float *passing_sensor2_m11;
        -:   25:CB_Mem_Float *passing_sensor2_m12;
        -:   26:CB_Mem_Float *passing_sensor2_m13;
        -:   27:CB_Mem_Float *passing_sensor2_m14;
        -:   28:CB_Mem_Float *passing_sensor2_m21;
        -:   29:CB_Mem_Float *passing_sensor2_m22;
        -:   30:CB_Mem_Float *passing_sensor2_m23;
        -:   31:CB_Mem_Float *passing_sensor2_m24;
        -:   32:CB_Mem_Float *passing_sensor2_m31;
        -:   33:CB_Mem_Float *passing_sensor2_m32;
        -:   34:CB_Mem_Float *passing_sensor2_m33;
        -:   35:CB_Mem_Float *passing_sensor2_m34;
        -:   36:CB_Mem_Float *passing_sensor2_m41;
        -:   37:CB_Mem_Float *passing_sensor2_m42;
        -:   38:CB_Mem_Float *passing_sensor2_m43;
        -:   39:CB_Mem_Float *passing_sensor2_m44;
        -:   40:CB_Mem_Float *passing_sensor2_px;
        -:   41:CB_Mem_Float *passing_sensor2_py;
        -:   42:CB_Mem_Float *passing_sensor2_pz;
        -:   43:CB_Mem_Float *passing_sensor2_dx;
        -:   44:CB_Mem_Float *passing_sensor2_dy;
        -:   45:CB_Mem_Float *passing_sensor2_dz;
        -:   46:CB_Mem_Bool *passing_sensor2_detection;
        -:   47:CB_Mem_Bool *passing_sensor2_passingLogic;
        -:   48:CB_Mem_Float *passing_sensor2_initialPosition;
        -:   49:CB_Mem_Bool *passing_sensor2_d_passing;
        -:   50:CB_Mem_Bool *passing_sensor2_v_d_passing;
        -:   51:
        -:   52:/**************************** Variables *****************************/
        -:   53:
        -:   54:#define sensorSupply (passing_sensor2_sensorSupply->CB_current_value)
        -:   55:#define deltaTranslation (passing_sensor2_deltaTranslation->CB_current_value)
        -:   56:#define passing (passing_sensor2_passing->CB_current_value)
        -:   57:#define status_act_prod (passing_sensor2_status_act_prod->CB_current_value)
        -:   58:#define m11 (passing_sensor2_m11->CB_current_value)
        -:   59:#define m12 (passing_sensor2_m12->CB_current_value)
        -:   60:#define m13 (passing_sensor2_m13->CB_current_value)
        -:   61:#define m14 (passing_sensor2_m14->CB_current_value)
        -:   62:#define m21 (passing_sensor2_m21->CB_current_value)
        -:   63:#define m22 (passing_sensor2_m22->CB_current_value)
        -:   64:#define m23 (passing_sensor2_m23->CB_current_value)
        -:   65:#define m24 (passing_sensor2_m24->CB_current_value)
        -:   66:#define m31 (passing_sensor2_m31->CB_current_value)
        -:   67:#define m32 (passing_sensor2_m32->CB_current_value)
        -:   68:#define m33 (passing_sensor2_m33->CB_current_value)
        -:   69:#define m34 (passing_sensor2_m34->CB_current_value)
        -:   70:#define m41 (passing_sensor2_m41->CB_current_value)
        -:   71:#define m42 (passing_sensor2_m42->CB_current_value)
        -:   72:#define m43 (passing_sensor2_m43->CB_current_value)
        -:   73:#define m44 (passing_sensor2_m44->CB_current_value)
        -:   74:#define px (passing_sensor2_px->CB_current_value)
        -:   75:#define py (passing_sensor2_py->CB_current_value)
        -:   76:#define pz (passing_sensor2_pz->CB_current_value)
        -:   77:#define dx (passing_sensor2_dx->CB_current_value)
        -:   78:#define dy (passing_sensor2_dy->CB_current_value)
        -:   79:#define dz (passing_sensor2_dz->CB_current_value)
        -:   80:#define detection (passing_sensor2_detection->CB_current_value)
        -:   81:#define passingLogic (passing_sensor2_passingLogic->CB_current_value)
        -:   82:#define initialPosition (passing_sensor2_initialPosition->CB_current_value)
        -:   83:#define d_passing (passing_sensor2_d_passing->CB_current_value)
        -:   84:#define v_d_passing (passing_sensor2_v_d_passing->CB_current_value)
        -:   85:
        -:   86:
        -:   87:/************************ Components offsets ************************/
        -:   88:
        -:   89:
        -:   90:/********************* Initialization function **********************/
        -:   91:
        1:   92:int _tri_chain__passing_sensor2_init(void)
        -:   93:{
        1:   94:	(passing_sensor2_sensorSupply)->CB_current_value = 1; /*sensorSupply*/
        1:   95:	(self.Float+0)->CB_current_value = 1.0; /*m11*/
        1:   96:	(self.Float+5)->CB_current_value = 1.0; /*m22*/
        1:   97:	(self.Float+10)->CB_current_value = 1.0; /*m33*/
        1:   98:	(self.Float+15)->CB_current_value = 1.0; /*m44*/
        1:   99:	(self.Bool+1)->CB_current_value = 1; /*passingLogic*/
        1:  100:	self.Bool+=4;
        1:  101:	self.Int+=1;
        1:  102:	self.Float+=23;
        -:  103:
        -:  104:
        1:  105:	return 0;
        -:  106:}
        -:  107:
        -:  108:
        -:  109:/************************ Behavior function *************************/
        -:  110:
        1:  111:int tri_chain__passing_sensor2(void)
        -:  112:{
        -:  113:	static char *__comp_name = "tri_chain.passing_sensor2";
        1:  114:	if (exec_term_node(self_num)) {
        -:  115:
        -:  116:		/*********************** Internals variables ************************/
        -:  117:
        1:  118:		passing_sensor2_status_act_prod = self.Int+0;
        1:  119:		passing_sensor2_m11 = self.Float+0;
        1:  120:		passing_sensor2_m12 = self.Float+1;
        1:  121:		passing_sensor2_m13 = self.Float+2;
        1:  122:		passing_sensor2_m14 = self.Float+3;
        1:  123:		passing_sensor2_m21 = self.Float+4;
        1:  124:		passing_sensor2_m22 = self.Float+5;
        1:  125:		passing_sensor2_m23 = self.Float+6;
        1:  126:		passing_sensor2_m24 = self.Float+7;
        1:  127:		passing_sensor2_m31 = self.Float+8;
        1:  128:		passing_sensor2_m32 = self.Float+9;
        1:  129:		passing_sensor2_m33 = self.Float+10;
        1:  130:		passing_sensor2_m34 = self.Float+11;
        1:  131:		passing_sensor2_m41 = self.Float+12;
        1:  132:		passing_sensor2_m42 = self.Float+13;
        1:  133:		passing_sensor2_m43 = self.Float+14;
        1:  134:		passing_sensor2_m44 = self.Float+15;
        1:  135:		passing_sensor2_px = self.Float+16;
        1:  136:		passing_sensor2_py = self.Float+17;
        1:  137:		passing_sensor2_pz = self.Float+18;
        1:  138:		passing_sensor2_dx = self.Float+19;
        1:  139:		passing_sensor2_dy = self.Float+20;
        1:  140:		passing_sensor2_dz = self.Float+21;
        1:  141:		passing_sensor2_detection = self.Bool+0;
        1:  142:		passing_sensor2_passingLogic = self.Bool+1;
        1:  143:		passing_sensor2_initialPosition = self.Float+22;
        1:  144:		passing_sensor2_d_passing = self.Bool+2;
        1:  145:		passing_sensor2_v_d_passing = self.Bool+3;
        -:  146:
        -:  147:		/********************* Pre-conditions execution *********************/
        -:  148:
        -:  149:		/*no Pre-conditions*/
        -:  150:
        -:  151:		/************************ Actor Myself init *************************/
        -:  152:
        1:  153:		setMyselfFor(self_num);
        -:  154:
        -:  155:		/************************ Behavior execution ************************/
        -:  156:
        -:  157:		{
        -:  158:			/* ----------------------------------------------------------------	*/
        -:  159:			/* Type : Model of Operative Behaviour					*/
        -:  160:			/* Category :  Sensors							*/
        -:  161:			/* Author : Dassault Systemes						*/
        -:  162:			/* Update date : June 2018							*/
        -:  163:			/* ----------------------------------------------------------------	*/
        -:  164:			/* This module simulates the bahaviour of a  passing sensor 		*/
        -:  165:			/*	for products.								*/
        -:  166:			/* This module is an actor							*/
        -:  167:			/* If it interacts with a product, this latter will acts on the	*/
        -:  168:			/*	detection variable 							*/
        -:  169:			/* -----------------------------------------------------------------	*/
        -:  170:
        -:  171:			/* -----------------------------------------------------------------	*/
        -:  172:			/* "cptpass" module can be dragged in rotation or translation.	*/
        -:  173:			/*	Then position and dimension variables can changed.		*/
        -:  174:			/*	Then theses variables must be initialized from the data 	*/
        -:  175:			/*	which are stored as parameters.					*/
        -:  176:			/* -----------------------------------------------------------------	*/
        1:  177:			if (d_passing) passing = v_d_passing;
        -:  178:			else
        1:  179:				if ( sensorSupply ) passing=(detection ^ ! passingLogic);
    #####:  180:				else passing = 0;
        -:  181:
        1:  182:			detection=0;
        -:  183:
        1:  184:			px=initialPosition+deltaTranslation;
        -:  185:
        -:  186:
        1:  187:			moveTo(myself, px, py, pz);
        -:  188:
        -:  189:
        -:  190:
        -:  191:
        -:  192:		}
        -:  193:
        1:  194:		CB_post_bool(passing_sensor2_passing);
        -:  195:
        -:  196:		/******************** Post-conditions execution *********************/
        -:  197:
        -:  198:		/*no Post-conditions*/
        -:  199:	}
        -:  200:
        -:  201:	/*************************** self update ****************************/
        -:  202:
        1:  203:	self.Bool += 4;
        1:  204:	self.Int += 1;
        1:  205:	self.Float += 23;
        -:  206:
        1:  207:	return 0;
        -:  208:}
        -:  209:
